vie mar 20 23:06:15 CET 2026
                      :-) GROMACS - gmx mdrun, 2016.4 (-:

                            GROMACS is written by:
     Emile Apol      Rossen Apostolov  Herman J.C. Berendsen    Par Bjelkmar   
 Aldert van Buuren   Rudi van Drunen     Anton Feenstra    Gerrit Groenhof  
 Christoph Junghans   Anca Hamuraru    Vincent Hindriksen Dimitrios Karkoulis
    Peter Kasson        Jiri Kraus      Carsten Kutzner      Per Larsson    
  Justin A. Lemkul   Magnus Lundborg   Pieter Meulenhoff    Erik Marklund   
   Teemu Murtola       Szilard Pall       Sander Pronk      Roland Schulz   
  Alexey Shvetsov     Michael Shirts     Alfons Sijbers     Peter Tieleman  
  Teemu Virolainen  Christian Wennberg    Maarten Wolf   
                           and the project leaders:
        Mark Abraham, Berk Hess, Erik Lindahl, and David van der Spoel

Copyright (c) 1991-2000, University of Groningen, The Netherlands.
Copyright (c) 2001-2017, The GROMACS development team at
Uppsala University, Stockholm University and
the Royal Institute of Technology, Sweden.
check out http://www.gromacs.org for more information.

GROMACS is free software; you can redistribute it and/or modify it
under the terms of the GNU Lesser General Public License
as published by the Free Software Foundation; either version 2.1
of the License, or (at your option) any later version.

GROMACS:      gmx mdrun, version 2016.4
Executable:   /usr/local/gromacs/bin/gmx
Data prefix:  /usr/local/gromacs
Working dir:  /home/alumno02/MM/caso_practico/extended_report
Command line:
  gmx mdrun -deffnm arm_298 -c arm_298.g96 -ntmpi 1 -ntomp 4


Running on 1 node with total 32 cores, 64 logical cores
Hardware detected:
  CPU info:
    Vendor: Intel
    Brand:  Intel(R) Xeon(R) Gold 6226R CPU @ 2.90GHz
    SIMD instructions most likely to fit this hardware: AVX_512
    SIMD instructions selected at GROMACS compile time: AVX_512

  Hardware topology: Basic

Reading file arm_298.tpr, VERSION 2016.4 (single precision)
Changing nstlist from 10 to 40, rlist from 1.1 to 1.113

The number of OpenMP threads was set by environment variable OMP_NUM_THREADS to 4 (and the command-line setting agreed with that)

Non-default thread affinity set, disabling internal thread affinity
Using 1 MPI thread
Using 4 OpenMP threads 


WARNING: This run will generate roughly 3096 Mb of data

starting mdrun 'Protein in water'
1000000 steps,    500.0 ps.

Writing final coordinates.

Back Off! I just backed up arm_298.g96 to ./#arm_298.g96.1#

               Core t (s)   Wall t (s)        (%)
       Time:     2532.379      633.095      400.0
                 (ns/day)    (hour/ns)
Performance:       68.236        0.352

GROMACS reminds you: "I'll Master Your Language, and In the Meantime I'll Create My Own" (Tricky)

vie mar 20 23:16:48 CET 2026
