vie mar 20 19:58:24 CET 2026
                      :-) GROMACS - gmx mdrun, 2016.4 (-:

                            GROMACS is written by:
     Emile Apol      Rossen Apostolov  Herman J.C. Berendsen    Par Bjelkmar   
 Aldert van Buuren   Rudi van Drunen     Anton Feenstra    Gerrit Groenhof  
 Christoph Junghans   Anca Hamuraru    Vincent Hindriksen Dimitrios Karkoulis
    Peter Kasson        Jiri Kraus      Carsten Kutzner      Per Larsson    
  Justin A. Lemkul   Magnus Lundborg   Pieter Meulenhoff    Erik Marklund   
   Teemu Murtola       Szilard Pall       Sander Pronk      Roland Schulz   
  Alexey Shvetsov     Michael Shirts     Alfons Sijbers     Peter Tieleman  
  Teemu Virolainen  Christian Wennberg    Maarten Wolf   
                           and the project leaders:
        Mark Abraham, Berk Hess, Erik Lindahl, and David van der Spoel

Copyright (c) 1991-2000, University of Groningen, The Netherlands.
Copyright (c) 2001-2017, The GROMACS development team at
Uppsala University, Stockholm University and
the Royal Institute of Technology, Sweden.
check out http://www.gromacs.org for more information.

GROMACS is free software; you can redistribute it and/or modify it
under the terms of the GNU Lesser General Public License
as published by the Free Software Foundation; either version 2.1
of the License, or (at your option) any later version.

GROMACS:      gmx mdrun, version 2016.4
Executable:   /usr/local/gromacs/bin/gmx
Data prefix:  /usr/local/gromacs
Working dir:  /home/alumno02/MM/caso_practico/equilibration
Command line:
  gmx mdrun -deffnm arm_400 -c arm_400.g96 -ntmpi 1 -ntomp 4


Back Off! I just backed up arm_400.log to ./#arm_400.log.1#

Running on 1 node with total 32 cores, 64 logical cores
Hardware detected:
  CPU info:
    Vendor: Intel
    Brand:  Intel(R) Xeon(R) Gold 6226R CPU @ 2.90GHz
    SIMD instructions most likely to fit this hardware: AVX_512
    SIMD instructions selected at GROMACS compile time: AVX_512

  Hardware topology: Basic

Reading file arm_400.tpr, VERSION 2016.4 (single precision)
Changing nstlist from 10 to 40, rlist from 1.1 to 1.123

The number of OpenMP threads was set by environment variable OMP_NUM_THREADS to 4 (and the command-line setting agreed with that)

Non-default thread affinity set, disabling internal thread affinity
Using 1 MPI thread
Using 4 OpenMP threads 


Back Off! I just backed up arm_400.trr to ./#arm_400.trr.1#

Back Off! I just backed up arm_400.edr to ./#arm_400.edr.1#
starting mdrun 'Protein in water'
800000 steps,    400.0 ps.

Writing final coordinates.

Back Off! I just backed up arm_400.g96 to ./#arm_400.g96.1#

               Core t (s)   Wall t (s)        (%)
       Time:     3351.311      837.828      400.0
                 (ns/day)    (hour/ns)
Performance:       41.250        0.582

GROMACS reminds you: "California, R.I.P." (Red Hot Chili Peppars)

vie mar 20 20:12:22 CET 2026
