vie mar 20 20:31:46 CET 2026
                      :-) GROMACS - gmx mdrun, 2016.4 (-:

                            GROMACS is written by:
     Emile Apol      Rossen Apostolov  Herman J.C. Berendsen    Par Bjelkmar   
 Aldert van Buuren   Rudi van Drunen     Anton Feenstra    Gerrit Groenhof  
 Christoph Junghans   Anca Hamuraru    Vincent Hindriksen Dimitrios Karkoulis
    Peter Kasson        Jiri Kraus      Carsten Kutzner      Per Larsson    
  Justin A. Lemkul   Magnus Lundborg   Pieter Meulenhoff    Erik Marklund   
   Teemu Murtola       Szilard Pall       Sander Pronk      Roland Schulz   
  Alexey Shvetsov     Michael Shirts     Alfons Sijbers     Peter Tieleman  
  Teemu Virolainen  Christian Wennberg    Maarten Wolf   
                           and the project leaders:
        Mark Abraham, Berk Hess, Erik Lindahl, and David van der Spoel

Copyright (c) 1991-2000, University of Groningen, The Netherlands.
Copyright (c) 2001-2017, The GROMACS development team at
Uppsala University, Stockholm University and
the Royal Institute of Technology, Sweden.
check out http://www.gromacs.org for more information.

GROMACS is free software; you can redistribute it and/or modify it
under the terms of the GNU Lesser General Public License
as published by the Free Software Foundation; either version 2.1
of the License, or (at your option) any later version.

GROMACS:      gmx mdrun, version 2016.4
Executable:   /usr/local/gromacs/bin/gmx
Data prefix:  /usr/local/gromacs
Working dir:  /home/alumno02/MM/caso_practico/run
Command line:
  gmx mdrun -deffnm arm_400 -c arm_400.g96 -ntmpi 2 -ntomp 4


Running on 1 node with total 32 cores, 64 logical cores
Hardware detected:
  CPU info:
    Vendor: Intel
    Brand:  Intel(R) Xeon(R) Gold 6226R CPU @ 2.90GHz
    SIMD instructions most likely to fit this hardware: AVX_512
    SIMD instructions selected at GROMACS compile time: AVX_512

  Hardware topology: Basic

Reading file arm_400.tpr, VERSION 2016.4 (single precision)
Changing nstlist from 10 to 40, rlist from 1.1 to 1.123

The number of OpenMP threads was set by environment variable OMP_NUM_THREADS to 4 (and the command-line setting agreed with that)

Non-default thread affinity set, disabling internal thread affinity
Using 2 MPI threads
Using 4 OpenMP threads per tMPI thread

starting mdrun 'Protein in water'
4000 steps,      2.0 ps.

Writing final coordinates.

Back Off! I just backed up arm_400.g96 to ./#arm_400.g96.1#

 Average load imbalance: 12.5 %
 Part of the total run time spent waiting due to load imbalance: 1.4 %


NOTE: 10 % of the run time was spent communicating energies,
      you might want to use the -gcom option of mdrun


               Core t (s)   Wall t (s)        (%)
       Time:      183.766       22.971      800.0
                 (ns/day)    (hour/ns)
Performance:        7.524        3.190

GROMACS reminds you: "Suzy is a headbanger, her mother is a geek" (The Ramones)

vie mar 20 20:32:09 CET 2026
